{"timestamp":"2025-07-19T15:23:45.330Z","level":"INFO","message":"Environment configuration validated successfully","data":{"NODE_ENV":"development","PORT":5000,"DB_HOST":"localhost","DB_NAME":"drugreco_dev","ENABLE_AUTHENTICATION":true,"ENABLE_RATE_LIMITING":true,"LOG_LEVEL":"INFO","YOLO_MODE":true}}
{"timestamp":"2025-07-19T15:23:45.334Z","level":"INFO","message":"PORT from config: 5000, process.env.PORT: 5000"}
{"timestamp":"2025-07-19T15:23:45.335Z","level":"INFO","message":"🚂 Railway server running on port 5000"}
{"timestamp":"2025-07-19T15:23:45.335Z","level":"INFO","message":"Environment: development"}
{"timestamp":"2025-07-19T15:24:38.151Z","level":"INFO","message":"GET /api/family-members","data":{"method":"GET","url":"/api/family-members","ip":"::1","userAgent":"node-fetch/1.0 (+https://github.com/bitinn/node-fetch)","responseTime":"9ms"}}
{"timestamp":"2025-07-19T15:24:38.159Z","level":"INFO","message":"GET /api/drugs/search?query=Paracetamol","data":{"method":"GET","url":"/api/drugs/search?query=Paracetamol","ip":"::1","userAgent":"node-fetch/1.0 (+https://github.com/bitinn/node-fetch)","responseTime":"3ms"}}
{"timestamp":"2025-07-19T15:24:38.167Z","level":"INFO","message":"POST /api/interactions/family-check","data":{"method":"POST","url":"/api/interactions/family-check","ip":"::1","userAgent":"node-fetch/1.0 (+https://github.com/bitinn/node-fetch)","responseTime":"3ms"}}
{"timestamp":"2025-07-19T15:24:38.177Z","level":"INFO","message":"POST /api/family-members","data":{"method":"POST","url":"/api/family-members","ip":"::1","userAgent":"node-fetch/1.0 (+https://github.com/bitinn/node-fetch)","responseTime":"8ms"}}
{"timestamp":"2025-07-19T15:24:38.185Z","level":"INFO","message":"POST /api/family-medications","data":{"method":"POST","url":"/api/family-medications","ip":"::1","userAgent":"node-fetch/1.0 (+https://github.com/bitinn/node-fetch)","responseTime":"7ms"}}
{"timestamp":"2025-07-19T15:24:38.188Z","level":"INFO","message":"GET /api/family-medications/2","data":{"method":"GET","url":"/api/family-medications/2","ip":"::1","userAgent":"node-fetch/1.0 (+https://github.com/bitinn/node-fetch)","responseTime":"2ms"}}
{"timestamp":"2025-07-19T15:24:38.191Z","level":"INFO","message":"GET /api/emergency/2","data":{"method":"GET","url":"/api/emergency/2","ip":"::1","userAgent":"node-fetch/1.0 (+https://github.com/bitinn/node-fetch)","responseTime":"2ms"}}
{"timestamp":"2025-07-19T15:24:38.197Z","level":"INFO","message":"DELETE /api/family-members/2","data":{"method":"DELETE","url":"/api/family-members/2","ip":"::1","userAgent":"node-fetch/1.0 (+https://github.com/bitinn/node-fetch)","responseTime":"4ms"}}
{"timestamp":"2025-07-19T15:24:44.083Z","level":"INFO","message":"GET /api/family-members","data":{"method":"GET","url":"/api/family-members","ip":"::1","userAgent":"curl/8.12.1","responseTime":"2ms"}}
{"timestamp":"2025-07-19T15:24:48.685Z","level":"INFO","message":"GET /api/drugs/search?query=Paracetamol","data":{"method":"GET","url":"/api/drugs/search?query=Paracetamol","ip":"::1","userAgent":"curl/8.12.1","responseTime":"2ms"}}
{"timestamp":"2025-07-19T15:25:21.881Z","level":"INFO","message":"Environment configuration validated successfully","data":{"NODE_ENV":"production","PORT":5000,"DB_HOST":"localhost","DB_NAME":"drugreco_dev","ENABLE_AUTHENTICATION":true,"ENABLE_RATE_LIMITING":true,"LOG_LEVEL":"INFO","YOLO_MODE":true}}
{"timestamp":"2025-07-19T15:25:21.886Z","level":"INFO","message":"PORT from config: 5000, process.env.PORT: 5000"}
{"timestamp":"2025-07-19T15:25:21.887Z","level":"INFO","message":"🚂 Railway server running on port 5000"}
{"timestamp":"2025-07-19T15:25:21.887Z","level":"INFO","message":"Environment: production"}
{"timestamp":"2025-07-19T15:25:29.570Z","level":"INFO","message":"GET /api/drugs/search?query=Paracetamol","data":{"method":"GET","url":"/api/drugs/search?query=Paracetamol","ip":"::1","userAgent":"curl/8.12.1","responseTime":"7ms"}}
{"timestamp":"2025-07-19T15:26:42.246Z","level":"INFO","message":"Environment configuration validated successfully","data":{"NODE_ENV":"production","PORT":5000,"DB_HOST":"localhost","DB_NAME":"drugreco_dev","ENABLE_AUTHENTICATION":true,"ENABLE_RATE_LIMITING":true,"LOG_LEVEL":"INFO","YOLO_MODE":true}}
{"timestamp":"2025-07-19T15:26:42.250Z","level":"INFO","message":"PORT from config: 5000, process.env.PORT: 5000"}
{"timestamp":"2025-07-19T15:26:42.251Z","level":"INFO","message":"🚂 Railway server running on port 5000"}
{"timestamp":"2025-07-19T15:26:42.251Z","level":"INFO","message":"Environment: production"}
{"timestamp":"2025-07-19T15:26:50.681Z","level":"INFO","message":"Search performed: drugs","data":{"type":"drugs","query":"Paracetamol","resultCount":2,"timestamp":"2025-07-19T15:26:50.680Z"}}
{"timestamp":"2025-07-19T15:26:50.684Z","level":"INFO","message":"GET /api/drugs/search?query=Paracetamol","data":{"method":"GET","url":"/api/drugs/search?query=Paracetamol","ip":"::1","userAgent":"curl/8.12.1","responseTime":"8ms"}}
{"timestamp":"2025-07-19T15:26:57.218Z","level":"INFO","message":"Search performed: family-members","data":{"type":"family-members","query":null,"resultCount":1,"timestamp":"2025-07-19T15:26:57.218Z"}}
{"timestamp":"2025-07-19T15:26:57.219Z","level":"INFO","message":"GET /api/family-members","data":{"method":"GET","url":"/api/family-members","ip":"::1","userAgent":"curl/8.12.1","responseTime":"3ms"}}
{"timestamp":"2025-07-19T15:27:03.068Z","level":"INFO","message":"Search performed: family-members","data":{"type":"family-members","query":null,"resultCount":1,"timestamp":"2025-07-19T15:27:03.068Z"}}
{"timestamp":"2025-07-19T15:27:03.069Z","level":"INFO","message":"GET /api/family-members","data":{"method":"GET","url":"/api/family-members","ip":"::1","userAgent":"node-fetch/1.0 (+https://github.com/bitinn/node-fetch)","responseTime":"2ms"}}
{"timestamp":"2025-07-19T15:27:03.077Z","level":"INFO","message":"Search performed: drugs","data":{"type":"drugs","query":"Paracetamol","resultCount":2,"timestamp":"2025-07-19T15:27:03.076Z"}}
{"timestamp":"2025-07-19T15:27:03.077Z","level":"INFO","message":"GET /api/drugs/search?query=Paracetamol","data":{"method":"GET","url":"/api/drugs/search?query=Paracetamol","ip":"::1","userAgent":"node-fetch/1.0 (+https://github.com/bitinn/node-fetch)","responseTime":"3ms"}}
{"timestamp":"2025-07-19T15:27:03.086Z","level":"INFO","message":"POST /api/interactions/family-check","data":{"method":"POST","url":"/api/interactions/family-check","ip":"::1","userAgent":"node-fetch/1.0 (+https://github.com/bitinn/node-fetch)","responseTime":"3ms"}}
{"timestamp":"2025-07-19T15:27:03.101Z","level":"INFO","message":"POST /api/family-members","data":{"method":"POST","url":"/api/family-members","ip":"::1","userAgent":"node-fetch/1.0 (+https://github.com/bitinn/node-fetch)","responseTime":"13ms"}}
{"timestamp":"2025-07-19T15:27:03.114Z","level":"INFO","message":"POST /api/family-medications","data":{"method":"POST","url":"/api/family-medications","ip":"::1","userAgent":"node-fetch/1.0 (+https://github.com/bitinn/node-fetch)","responseTime":"12ms"}}
{"timestamp":"2025-07-19T15:27:03.117Z","level":"INFO","message":"GET /api/family-medications/3","data":{"method":"GET","url":"/api/family-medications/3","ip":"::1","userAgent":"node-fetch/1.0 (+https://github.com/bitinn/node-fetch)","responseTime":"2ms"}}
{"timestamp":"2025-07-19T15:27:03.120Z","level":"INFO","message":"GET /api/emergency/3","data":{"method":"GET","url":"/api/emergency/3","ip":"::1","userAgent":"node-fetch/1.0 (+https://github.com/bitinn/node-fetch)","responseTime":"2ms"}}
{"timestamp":"2025-07-19T15:27:03.132Z","level":"INFO","message":"DELETE /api/family-members/3","data":{"method":"DELETE","url":"/api/family-members/3","ip":"::1","userAgent":"node-fetch/1.0 (+https://github.com/bitinn/node-fetch)","responseTime":"11ms"}}
